<?xml version="1.0" encoding="UTF-8"?>
<!-- Generated by org.testng.reporters.JUnitXMLReporter -->
<testsuite ignored="0" hostname="DESKTOP-OGNOMB7" failures="2" tests="4" name="Default test(failed)" time="0.058" errors="0" timestamp="2024-08-23T19:15:31 IST">
  <testcase classname="BasicConceptOfTestNg.keyword02" name="TC5" time="0.006"/>
  <testcase classname="BasicConceptOfTestNg.keyword02" name="TC8" time="0.002">
    <failure type="java.lang.AssertionError" message="null">
      <![CDATA[java.lang.AssertionError: null
at BasicConceptOfTestNg.keyword02.TC8(keyword02.java:31)
at java.base/java.util.ArrayList.forEach(ArrayList.java:1511)
... Removed 29 stack frames]]>
    </failure>
  </testcase> <!-- TC8 -->
  <testcase classname="BasicConceptOfTestNg.keyword02" name="TC6" time="0.002">
    <failure type="java.lang.AssertionError" message="null">
      <![CDATA[java.lang.AssertionError: null
at BasicConceptOfTestNg.keyword02.TC6(keyword02.java:19)
at java.base/java.util.ArrayList.forEach(ArrayList.java:1511)
... Removed 29 stack frames]]>
    </failure>
  </testcase> <!-- TC6 -->
  <testcase classname="BasicConceptOfTestNg.keyword02" name="TC7" time="0.002"/>
</testsuite> <!-- Default test(failed) -->
