<?xml version="1.0" encoding="UTF-8"?>
<!-- Generated by org.testng.reporters.JUnitXMLReporter -->
<testsuite ignored="2" hostname="DESKTOP-OGNOMB7" failures="1" tests="2" name="Default test(failed)(failed)(failed)" time="0.051" errors="0" timestamp="2024-08-23T19:17:26 IST">
  <testcase classname="BasicConceptOfTestNg.keyword02" name="TC8" time="0.01">
    <failure type="java.lang.AssertionError" message="null">
      <![CDATA[java.lang.AssertionError: null
at BasicConceptOfTestNg.keyword02.TC8(keyword02.java:31)
at java.base/java.util.ArrayList.forEach(ArrayList.java:1511)
... Removed 29 stack frames]]>
    </failure>
  </testcase> <!-- TC8 -->
  <testcase classname="BasicConceptOfTestNg.keyword02" name="TC6" time="0.001"/>
  <testcase classname="BasicConceptOfTestNg.keyword02" name="TC5" time="0.0">
    <ignored/>
  </testcase> <!-- TC5 -->
  <testcase classname="BasicConceptOfTestNg.keyword02" name="TC7" time="0.0">
    <ignored/>
  </testcase> <!-- TC7 -->
</testsuite> <!-- Default test(failed)(failed)(failed) -->
